Info: Starting: Create HDL design files for synthesis
Info: qsys-generate /home/alex/workspace/a10_dev/bel_projects/ip_cores/general-cores/platform/altera/networks/arria10gx/global_region/global_region.qsys --synthesis=VERILOG --output-directory=/home/alex/workspace/a10_dev/bel_projects/ip_cores/general-cores/platform/altera/networks/arria10gx/global_region/global_region --family="Arria 10" --part=10AX027E3F29E2SG
Progress: Loading global_region/global_region.qsys
Progress: Reading input file
Progress: Adding altclkctrl_0 [altclkctrl 18.1]
Progress: Parameterizing module altclkctrl_0
Progress: Building connections
Progress: Parameterizing connections
Progress: Validating
Progress: Done reading input file
: global_region.altclkctrl_0: Targeting device family: Arria 10.
: global_region.altclkctrl_0: Global clock network allows a clock signal to reach all parts of the chip with the same amount of skew. Input port 'clkselect' can be used to switch between four clock inputs.
: global_region.altclkctrl_0: The register mode of port 'ena' is unavailable while 'ena' port not added. 
Info: global_region: "Transforming system: global_region"
Info: global_region: Running transform generation_view_transform
Info: global_region: Running transform generation_view_transform took 0.000s
Info: altclkctrl_0: Running transform generation_view_transform
Info: altclkctrl_0: Running transform generation_view_transform took 0.000s
Info: global_region: Running transform merlin_avalon_transform
Info: global_region: Running transform merlin_avalon_transform took 0.125s
Info: global_region: "Naming system components in system: global_region"
Info: global_region: "Processing generation queue"
Info: global_region: "Generating: global_region"
Info: global_region: "Generating: global_region_altclkctrl_181_cf6o3fq"
Info: altclkctrl_0: Generating top-level entity global_region_altclkctrl_181_cf6o3fq.
Info: global_region: Done "global_region" with 2 modules, 3 files
Info: qsys-generate succeeded.
Info: Finished: Create HDL design files for synthesis
